Requirement already satisfied: fury-sdk>=0.1.0 in c:\users\leona.desktop-10qndan\desktop\automatic-octo-spork\nancy-billion\backend\.venv\lib\site-packages (from -r requirements.txt (line 1)) (0.1.16)
Requirement already satisfied: faster-whisper>=0.9.0 in c:\users\leona.desktop-10qndan\desktop\automatic-octo-spork\nancy-billion\backend\.venv\lib\site-packages (from -r requirements.txt (line 2)) (1.2.1)
Requirement already satisfied: pyttsx3>=2.90 in c:\users\leona.desktop-10qndan\desktop\automatic-octo-spork\nancy-billion\backend\.venv\lib\site-packages (from -r requirements.txt (line 3)) (2.99)
Requirement already satisfied: python-socketio>=5.9.0 in c:\users\leona.desktop-10qndan\desktop\automatic-octo-spork\nancy-billion\backend\.venv\lib\site-packages (from -r requirements.txt (line 4)) (5.16.2)
Requirement already satisfied: python-dotenv>=1.0.0 in c:\users\leona.desktop-10qndan\desktop\automatic-octo-spork\nancy-billion\backend\.venv\lib\site-packages (from -r requirements.txt (line 5)) (1.2.2)
Requirement already satisfied: pydantic>=2.6.0 in c:\users\leona.desktop-10qndan\desktop\automatic-octo-spork\nancy-billion\backend\.venv\lib\site-packages (from -r requirements.txt (line 6)) (2.13.4)
Requirement already satisfied: numpy>=1.24.0 in c:\users\leona.desktop-10qndan\desktop\automatic-octo-spork\nancy-billion\backend\.venv\lib\site-packages (from -r requirements.txt (line 7)) (2.4.6)
Requirement already satisfied: sounddevice>=0.4.6 in c:\users\leona.desktop-10qndan\desktop\automatic-octo-spork\nancy-billion\backend\.venv\lib\site-packages (from -r requirements.txt (line 8)) (0.5.5)
Requirement already satisfied: fastapi>=0.104.0 in c:\users\leona.desktop-10qndan\desktop\automatic-octo-spork\nancy-billion\backend\.venv\lib\site-packages (from -r requirements.txt (line 9)) (0.137.1)
Requirement already satisfied: uvicorn>=0.24.0 in c:\users\leona.desktop-10qndan\desktop\automatic-octo-spork\nancy-billion\backend\.venv\lib\site-packages (from -r requirements.txt (line 10)) (0.49.0)
Requirement already satisfied: aiohttp>=3.9.0 in c:\users\leona.desktop-10qndan\desktop\automatic-octo-spork\nancy-billion\backend\.venv\lib\site-packages (from -r requirements.txt (line 11)) (3.14.1)
Collecting pypdf>=4.0.0 (from -r requirements.txt (line 14))
  Using cached pypdf-6.13.2-py3-none-any.whl.metadata (7.2 kB)
Requirement already satisfied: httpx>=0.28.1 in c:\users\leona.desktop-10qndan\desktop\automatic-octo-spork\nancy-billion\backend\.venv\lib\site-packages (from fury-sdk>=0.1.0->-r requirements.txt (line 1)) (0.28.1)
Requirement already satisfied: termcolor in c:\users\leona.desktop-10qndan\desktop\automatic-octo-spork\nancy-billion\backend\.venv\lib\site-packages (from fury-sdk>=0.1.0->-r requirements.txt (line 1)) (3.3.0)
Requirement already satisfied: ctranslate2<5,>=4.0 in c:\users\leona.desktop-10qndan\desktop\automatic-octo-spork\nancy-billion\backend\.venv\lib\site-packages (from faster-whisper>=0.9.0->-r requirements.txt (line 2)) (4.8.0)
Requirement already satisfied: huggingface-hub>=0.21 in c:\users\leona.desktop-10qndan\desktop\automatic-octo-spork\nancy-billion\backend\.venv\lib\site-packages (from faster-whisper>=0.9.0->-r requirements.txt (line 2)) (1.19.0)
Requirement already satisfied: tokenizers<1,>=0.13 in c:\users\leona.desktop-10qndan\desktop\automatic-octo-spork\nancy-billion\backend\.venv\lib\site-packages (from faster-whisper>=0.9.0->-r requirements.txt (line 2)) (0.23.1)
Requirement already satisfied: onnxruntime<2,>=1.14 in c:\users\leona.desktop-10qndan\desktop\automatic-octo-spork\nancy-billion\backend\.venv\lib\site-packages (from faster-whisper>=0.9.0->-r requirements.txt (line 2)) (1.26.0)
Requirement already satisfied: av>=11 in c:\users\leona.desktop-10qndan\desktop\automatic-octo-spork\nancy-billion\backend\.venv\lib\site-packages (from faster-whisper>=0.9.0->-r requirements.txt (line 2)) (17.1.0)
Requirement already satisfied: tqdm in c:\users\leona.desktop-10qndan\desktop\automatic-octo-spork\nancy-billion\backend\.venv\lib\site-packages (from faster-whisper>=0.9.0->-r requirements.txt (line 2)) (4.68.2)
Requirement already satisfied: comtypes in c:\users\leona.desktop-10qndan\desktop\automatic-octo-spork\nancy-billion\backend\.venv\lib\site-packages (from pyttsx3>=2.90->-r requirements.txt (line 3)) (1.4.16)
Requirement already satisfied: pypiwin32 in c:\users\leona.desktop-10qndan\desktop\automatic-octo-spork\nancy-billion\backend\.venv\lib\site-packages (from pyttsx3>=2.90->-r requirements.txt (line 3)) (223)
Requirement already satisfied: pywin32 in c:\users\leona.desktop-10qndan\desktop\automatic-octo-spork\nancy-billion\backend\.venv\lib\site-packages (from pyttsx3>=2.90->-r requirements.txt (line 3)) (312)
Requirement already satisfied: bidict>=0.21.0 in c:\users\leona.desktop-10qndan\desktop\automatic-octo-spork\nancy-billion\backend\.venv\lib\site-packages (from python-socketio>=5.9.0->-r requirements.txt (line 4)) (0.23.1)
Requirement already satisfied: python-engineio>=4.13.2 in c:\users\leona.desktop-10qndan\desktop\automatic-octo-spork\nancy-billion\backend\.venv\lib\site-packages (from python-socketio>=5.9.0->-r requirements.txt (line 4)) (4.13.2)
Requirement already satisfied: annotated-types>=0.6.0 in c:\users\leona.desktop-10qndan\desktop\automatic-octo-spork\nancy-billion\backend\.venv\lib\site-packages (from pydantic>=2.6.0->-r requirements.txt (line 6)) (0.7.0)
Requirement already satisfied: pydantic-core==2.46.4 in c:\users\leona.desktop-10qndan\desktop\automatic-octo-spork\nancy-billion\backend\.venv\lib\site-packages (from pydantic>=2.6.0->-r requirements.txt (line 6)) (2.46.4)
Requirement already satisfied: typing-extensions>=4.14.1 in c:\users\leona.desktop-10qndan\desktop\automatic-octo-spork\nancy-billion\backend\.venv\lib\site-packages (from pydantic>=2.6.0->-r requirements.txt (line 6)) (4.15.0)
Requirement already satisfied: typing-inspection>=0.4.2 in c:\users\leona.desktop-10qndan\desktop\automatic-octo-spork\nancy-billion\backend\.venv\lib\site-packages (from pydantic>=2.6.0->-r requirements.txt (line 6)) (0.4.2)
Requirement already satisfied: cffi in c:\users\leona.desktop-10qndan\desktop\automatic-octo-spork\nancy-billion\backend\.venv\lib\site-packages (from sounddevice>=0.4.6->-r requirements.txt (line 8)) (2.0.0)
Requirement already satisfied: starlette>=0.46.0 in c:\users\leona.desktop-10qndan\desktop\automatic-octo-spork\nancy-billion\backend\.venv\lib\site-packages (from fastapi>=0.104.0->-r requirements.txt (line 9)) (1.3.1)
Requirement already satisfied: annotated-doc>=0.0.2 in c:\users\leona.desktop-10qndan\desktop\automatic-octo-spork\nancy-billion\backend\.venv\lib\site-packages (from fastapi>=0.104.0->-r requirements.txt (line 9)) (0.0.4)
Requirement already satisfied: click>=7.0 in c:\users\leona.desktop-10qndan\desktop\automatic-octo-spork\nancy-billion\backend\.venv\lib\site-packages (from uvicorn>=0.24.0->-r requirements.txt (line 10)) (8.4.1)
Requirement already satisfied: h11>=0.8 in c:\users\leona.desktop-10qndan\desktop\automatic-octo-spork\nancy-billion\backend\.venv\lib\site-packages (from uvicorn>=0.24.0->-r requirements.txt (line 10)) (0.16.0)
Requirement already satisfied: aiohappyeyeballs>=2.5.0 in c:\users\leona.desktop-10qndan\desktop\automatic-octo-spork\nancy-billion\backend\.venv\lib\site-packages (from aiohttp>=3.9.0->-r requirements.txt (line 11)) (2.6.2)
Requirement already satisfied: aiosignal>=1.4.0 in c:\users\leona.desktop-10qndan\desktop\automatic-octo-spork\nancy-billion\backend\.venv\lib\site-packages (from aiohttp>=3.9.0->-r requirements.txt (line 11)) (1.4.0)
Requirement already satisfied: attrs>=17.3.0 in c:\users\leona.desktop-10qndan\desktop\automatic-octo-spork\nancy-billion\backend\.venv\lib\site-packages (from aiohttp>=3.9.0->-r requirements.txt (line 11)) (26.1.0)
Requirement already satisfied: frozenlist>=1.1.1 in c:\users\leona.desktop-10qndan\desktop\automatic-octo-spork\nancy-billion\backend\.venv\lib\site-packages (from aiohttp>=3.9.0->-r requirements.txt (line 11)) (1.8.0)
Requirement already satisfied: multidict<7.0,>=4.5 in c:\users\leona.desktop-10qndan\desktop\automatic-octo-spork\nancy-billion\backend\.venv\lib\site-packages (from aiohttp>=3.9.0->-r requirements.txt (line 11)) (6.7.1)
Requirement already satisfied: propcache>=0.2.0 in c:\users\leona.desktop-10qndan\desktop\automatic-octo-spork\nancy-billion\backend\.venv\lib\site-packages (from aiohttp>=3.9.0->-r requirements.txt (line 11)) (0.5.2)
Requirement already satisfied: yarl<2.0,>=1.17.0 in c:\users\leona.desktop-10qndan\desktop\automatic-octo-spork\nancy-billion\backend\.venv\lib\site-packages (from aiohttp>=3.9.0->-r requirements.txt (line 11)) (1.24.2)
Requirement already satisfied: colorama in c:\users\leona.desktop-10qndan\desktop\automatic-octo-spork\nancy-billion\backend\.venv\lib\site-packages (from click>=7.0->uvicorn>=0.24.0->-r requirements.txt (line 10)) (0.4.6)
Requirement already satisfied: setuptools in c:\users\leona.desktop-10qndan\desktop\automatic-octo-spork\nancy-billion\backend\.venv\lib\site-packages (from ctranslate2<5,>=4.0->faster-whisper>=0.9.0->-r requirements.txt (line 2)) (79.0.1)
Requirement already satisfied: pyyaml<7,>=5.3 in c:\users\leona.desktop-10qndan\desktop\automatic-octo-spork\nancy-billion\backend\.venv\lib\site-packages (from ctranslate2<5,>=4.0->faster-whisper>=0.9.0->-r requirements.txt (line 2)) (6.0.3)
Requirement already satisfied: anyio in c:\users\leona.desktop-10qndan\desktop\automatic-octo-spork\nancy-billion\backend\.venv\lib\site-packages (from httpx>=0.28.1->fury-sdk>=0.1.0->-r requirements.txt (line 1)) (4.13.0)
Requirement already satisfied: certifi in c:\users\leona.desktop-10qndan\desktop\automatic-octo-spork\nancy-billion\backend\.venv\lib\site-packages (from httpx>=0.28.1->fury-sdk>=0.1.0->-r requirements.txt (line 1)) (2026.5.20)
Requirement already satisfied: httpcore==1.* in c:\users\leona.desktop-10qndan\desktop\automatic-octo-spork\nancy-billion\backend\.venv\lib\site-packages (from httpx>=0.28.1->fury-sdk>=0.1.0->-r requirements.txt (line 1)) (1.0.9)
Requirement already satisfied: idna in c:\users\leona.desktop-10qndan\desktop\automatic-octo-spork\nancy-billion\backend\.venv\lib\site-packages (from httpx>=0.28.1->fury-sdk>=0.1.0->-r requirements.txt (line 1)) (3.18)
Requirement already satisfied: filelock>=3.10.0 in c:\users\leona.desktop-10qndan\desktop\automatic-octo-spork\nancy-billion\backend\.venv\lib\site-packages (from huggingface-hub>=0.21->faster-whisper>=0.9.0->-r requirements.txt (line 2)) (3.29.4)
Requirement already satisfied: fsspec>=2023.5.0 in c:\users\leona.desktop-10qndan\desktop\automatic-octo-spork\nancy-billion\backend\.venv\lib\site-packages (from huggingface-hub>=0.21->faster-whisper>=0.9.0->-r requirements.txt (line 2)) (2026.4.0)
Requirement already satisfied: hf-xet<2.0.0,>=1.5.1 in c:\users\leona.desktop-10qndan\desktop\automatic-octo-spork\nancy-billion\backend\.venv\lib\site-packages (from huggingface-hub>=0.21->faster-whisper>=0.9.0->-r requirements.txt (line 2)) (1.5.1)
Requirement already satisfied: packaging>=20.9 in c:\users\leona.desktop-10qndan\desktop\automatic-octo-spork\nancy-billion\backend\.venv\lib\site-packages (from huggingface-hub>=0.21->faster-whisper>=0.9.0->-r requirements.txt (line 2)) (26.2)
Requirement already satisfied: typer<0.26.0,>=0.20.0 in c:\users\leona.desktop-10qndan\desktop\automatic-octo-spork\nancy-billion\backend\.venv\lib\site-packages (from huggingface-hub>=0.21->faster-whisper>=0.9.0->-r requirements.txt (line 2)) (0.25.1)
Requirement already satisfied: flatbuffers in c:\users\leona.desktop-10qndan\desktop\automatic-octo-spork\nancy-billion\backend\.venv\lib\site-packages (from onnxruntime<2,>=1.14->faster-whisper>=0.9.0->-r requirements.txt (line 2)) (25.12.19)
Requirement already satisfied: protobuf in c:\users\leona.desktop-10qndan\desktop\automatic-octo-spork\nancy-billion\backend\.venv\lib\site-packages (from onnxruntime<2,>=1.14->faster-whisper>=0.9.0->-r requirements.txt (line 2)) (7.35.1)
Requirement already satisfied: simple-websocket>=0.10.0 in c:\users\leona.desktop-10qndan\desktop\automatic-octo-spork\nancy-billion\backend\.venv\lib\site-packages (from python-engineio>=4.13.2->python-socketio>=5.9.0->-r requirements.txt (line 4)) (1.1.0)
Requirement already satisfied: pycparser in c:\users\leona.desktop-10qndan\desktop\automatic-octo-spork\nancy-billion\backend\.venv\lib\site-packages (from cffi->sounddevice>=0.4.6->-r requirements.txt (line 8)) (3.0)
Requirement already satisfied: wsproto in c:\users\leona.desktop-10qndan\desktop\automatic-octo-spork\nancy-billion\backend\.venv\lib\site-packages (from simple-websocket>=0.10.0->python-engineio>=4.13.2->python-socketio>=5.9.0->-r requirements.txt (line 4)) (1.3.2)
Requirement already satisfied: shellingham>=1.3.0 in c:\users\leona.desktop-10qndan\desktop\automatic-octo-spork\nancy-billion\backend\.venv\lib\site-packages (from typer<0.26.0,>=0.20.0->huggingface-hub>=0.21->faster-whisper>=0.9.0->-r requirements.txt (line 2)) (1.5.4)
Requirement already satisfied: rich>=13.8.0 in c:\users\leona.desktop-10qndan\desktop\automatic-octo-spork\nancy-billion\backend\.venv\lib\site-packages (from typer<0.26.0,>=0.20.0->huggingface-hub>=0.21->faster-whisper>=0.9.0->-r requirements.txt (line 2)) (15.0.0)
Requirement already satisfied: markdown-it-py>=2.2.0 in c:\users\leona.desktop-10qndan\desktop\automatic-octo-spork\nancy-billion\backend\.venv\lib\site-packages (from rich>=13.8.0->typer<0.26.0,>=0.20.0->huggingface-hub>=0.21->faster-whisper>=0.9.0->-r requirements.txt (line 2)) (4.2.0)
Requirement already satisfied: pygments<3.0.0,>=2.13.0 in c:\users\leona.desktop-10qndan\desktop\automatic-octo-spork\nancy-billion\backend\.venv\lib\site-packages (from rich>=13.8.0->typer<0.26.0,>=0.20.0->huggingface-hub>=0.21->faster-whisper>=0.9.0->-r requirements.txt (line 2)) (2.20.0)
Requirement already satisfied: mdurl~=0.1 in c:\users\leona.desktop-10qndan\desktop\automatic-octo-spork\nancy-billion\backend\.venv\lib\site-packages (from markdown-it-py>=2.2.0->rich>=13.8.0->typer<0.26.0,>=0.20.0->huggingface-hub>=0.21->faster-whisper>=0.9.0->-r requirements.txt (line 2)) (0.1.2)
Using cached pypdf-6.13.2-py3-none-any.whl (346 kB)
Installing collected packages: pypdf
Successfully installed pypdf-6.13.2

[notice] A new release of pip is available: 24.0 -> 26.1.2
[notice] To update, run: python.exe -m pip install --upgrade pip
